===========Global - Console=============
====================================
[Word]         |         [Frequency] 
====================================
ssdf           |              1
------------------------------------
hjk            |              1
------------------------------------
age            |              2
------------------------------------
my             |              4
------------------------------------
name           |              2
------------------------------------
20             |              4
------------------------------------
is             |              4
------------------------------------
ahmed          |              2
------------------------------------

###########################################################################
===========Local - Console=============
====================================
[Word]         |         [Frequency] 
====================================
ssdf           |              1
------------------------------------
hjk            |              1
------------------------------------
sdrty          |              1
------------------------------------
asedt          |              1
------------------------------------

###########################################################################
===========Global - Console=============
====================================
[Word]         |         [Frequency] 
====================================
ssdf           |              1
------------------------------------
age            |              2
------------------------------------
hjk            |              1
------------------------------------
my             |              4
------------------------------------
name           |              2
------------------------------------
20             |              4
------------------------------------
sdrty          |              1
------------------------------------
is             |              4
------------------------------------
ahmed          |              2
------------------------------------
asedt          |              1
------------------------------------

###########################################################################
=========== Global - File =============
====================================
[Word]         |         [Frequency] 
====================================
my             |              6
------------------------------------
medhat         |              1
------------------------------------
name           |              3
------------------------------------
is             |              6
------------------------------------
ahmed          |              3
------------------------------------
20             |              4
------------------------------------
sdrty          |              1
------------------------------------
hobby          |              1
------------------------------------
football       |              1
------------------------------------
age            |              2
------------------------------------
ssdf           |              1
------------------------------------
hjk            |              1
------------------------------------
asedt          |              1
------------------------------------

###########################################################################
=========== Local - File =============
====================================
[Word]         |         [Frequency] 
====================================
my             |              2
------------------------------------
fghjggh        |              1
------------------------------------
name           |              1
------------------------------------
medhat         |              1
------------------------------------
is             |              2
------------------------------------
ahmed          |              1
------------------------------------
hobby          |              1
------------------------------------
football       |              1
------------------------------------
ekjg           |              1
------------------------------------
dkegdku        |              1
------------------------------------

###########################################################################
=========== Global - File =============
====================================
[Word]         |         [Frequency] 
====================================
my             |              6
------------------------------------
medhat         |              1
------------------------------------
name           |              3
------------------------------------
fghjggh        |              1
------------------------------------
is             |              6
------------------------------------
ahmed          |              3
------------------------------------
20             |              4
------------------------------------
sdrty          |              1
------------------------------------
hobby          |              1
------------------------------------
football       |              1
------------------------------------
age            |              2
------------------------------------
ssdf           |              1
------------------------------------
hjk            |              1
------------------------------------
asedt          |              1
------------------------------------
dkegdku        |              1
------------------------------------
ekjg           |              1
------------------------------------

###########################################################################
-=========== Global - Console =============
====================================
[Word]         |         [Frequency] 
====================================
ahmed          |              4
------------------------------------
ssdf           |              1
------------------------------------
sameh          |              1
------------------------------------
my             |              6
------------------------------------
name           |              3
------------------------------------
fghjggh        |              1
------------------------------------
20             |              4
------------------------------------
sdrty          |              1
------------------------------------
is             |              6
------------------------------------
age            |              2
------------------------------------
hjk            |              1
------------------------------------
asedt          |              1
------------------------------------
dkegdku        |              1
------------------------------------
medhat         |              1
------------------------------------
hobby          |              1
------------------------------------
football       |              1
------------------------------------
ekjg           |              1
------------------------------------

###########################################################################
=========== Local - Console =============
====================================
[Word]         |         [Frequency] 
====================================
ahmed          |              2
------------------------------------

###########################################################################
=========== Global - Console =============
====================================
[Word]         |         [Frequency] 
====================================
ahmed          |              4
------------------------------------
ssdf           |              1
------------------------------------
my             |              6
------------------------------------
name           |              3
------------------------------------
fghjggh        |              1
------------------------------------
20             |              4
------------------------------------
sdrty          |              1
------------------------------------
is             |              6
------------------------------------
age            |              2
------------------------------------
hjk            |              1
------------------------------------
asedt          |              1
------------------------------------
dkegdku        |              1
------------------------------------
medhat         |              1
------------------------------------
hobby          |              1
------------------------------------
football       |              1
------------------------------------
ekjg           |              1
------------------------------------

###########################################################################
=========== Global - Console =============
====================================
[Word]         |         [Frequency] 
====================================
is             |              6
------------------------------------
auyi           |              1
------------------------------------
my             |              6
------------------------------------
name           |              3
------------------------------------
fghjggh        |              1
------------------------------------
20             |              4
------------------------------------
sdrty          |              1
------------------------------------
ahmed          |              3
------------------------------------
age            |              2
------------------------------------
ssdf           |              1
------------------------------------
hjk            |              1
------------------------------------
asedt          |              1
------------------------------------
dkegdku        |              1
------------------------------------
medhat         |              1
------------------------------------
hobby          |              1
------------------------------------
football       |              1
------------------------------------
ekjg           |              1
------------------------------------

###########################################################################
=========== Local - Console =============
====================================
[Word]         |         [Frequency] 
====================================
auyi           |              1
------------------------------------

###########################################################################
=========== Global - Console =============
====================================
[Word]         |         [Frequency] 
====================================
is             |              6
------------------------------------
auyi           |              1
------------------------------------
my             |              6
------------------------------------
name           |              3
------------------------------------
fghjggh        |              1
------------------------------------
20             |              4
------------------------------------
sdrty          |              1
------------------------------------
ahmed          |              3
------------------------------------
age            |              2
------------------------------------
ssdf           |              1
------------------------------------
hjk            |              1
------------------------------------
asedt          |              1
------------------------------------
dkegdku        |              1
------------------------------------
medhat         |              1
------------------------------------
hobby          |              1
------------------------------------
football       |              1
------------------------------------
ekjg           |              1
------------------------------------

###########################################################################
=========== Global - Console =============
====================================
[Word]         |         [Frequency] 
====================================
is             |              6
------------------------------------
aert           |              1
------------------------------------
my             |              6
------------------------------------
name           |              3
------------------------------------
fghjggh        |              1
------------------------------------
20             |              4
------------------------------------
sdrty          |              1
------------------------------------
ahmed          |              3
------------------------------------
age            |              2
------------------------------------
ssdf           |              1
------------------------------------
hjk            |              1
------------------------------------
asedt          |              1
------------------------------------
dkegdku        |              1
------------------------------------
medhat         |              1
------------------------------------
hobby          |              1
------------------------------------
football       |              1
------------------------------------
ekjg           |              1
------------------------------------

###########################################################################
=========== Local - Console =============
====================================
[Word]         |         [Frequency] 
====================================
aert           |              0
------------------------------------

###########################################################################
=========== Global - Console =============
====================================
[Word]         |         [Frequency] 
====================================
is             |              6
------------------------------------
my             |              6
------------------------------------
name           |              3
------------------------------------
fghjggh        |              1
------------------------------------
20             |              4
------------------------------------
sdrty          |              1
------------------------------------
ahmed          |              3
------------------------------------
age            |              2
------------------------------------
ssdf           |              1
------------------------------------
hjk            |              1
------------------------------------
asedt          |              1
------------------------------------
dkegdku        |              1
------------------------------------
medhat         |              1
------------------------------------
hobby          |              1
------------------------------------
football       |              1
------------------------------------
ekjg           |              1
------------------------------------
aert           |              0
------------------------------------

###########################################################################
=========== Global - Console =============
====================================
[Word]         |         [Frequency] 
====================================
asdfgh         |              1
------------------------------------
my             |              6
------------------------------------
name           |              3
------------------------------------
fghjggh        |              1
------------------------------------
20             |              4
------------------------------------
sdrty          |              1
------------------------------------
is             |              6
------------------------------------
ahmed          |              3
------------------------------------
age            |              2
------------------------------------
ssdf           |              1
------------------------------------
hjk            |              1
------------------------------------
asedt          |              1
------------------------------------
dkegdku        |              1
------------------------------------
medhat         |              1
------------------------------------
hobby          |              1
------------------------------------
football       |              1
------------------------------------
ekjg           |              1
------------------------------------

###########################################################################
=========== Local - Console =============
====================================
[Word]         |         [Frequency] 
====================================

###########################################################################
=========== Global - Console =============
====================================
[Word]         |         [Frequency] 
====================================
my             |              6
------------------------------------
name           |              3
------------------------------------
fghjggh        |              1
------------------------------------
20             |              4
------------------------------------
sdrty          |              1
------------------------------------
is             |              6
------------------------------------
ahmed          |              3
------------------------------------
age            |              2
------------------------------------
ssdf           |              1
------------------------------------
hjk            |              1
------------------------------------
asedt          |              1
------------------------------------
dkegdku        |              1
------------------------------------
medhat         |              1
------------------------------------
hobby          |              1
------------------------------------
football       |              1
------------------------------------
ekjg           |              1
------------------------------------

###########################################################################
=========== Global - Console =============
====================================
[Word]         |         [Frequency] 
====================================
ahmed          |              4
------------------------------------
ssdf           |              1
------------------------------------
sayed          |              1
------------------------------------
my             |              6
------------------------------------
name           |              3
------------------------------------
fghjggh        |              1
------------------------------------
20             |              4
------------------------------------
sdrty          |              1
------------------------------------
is             |              6
------------------------------------
age            |              2
------------------------------------
hjk            |              1
------------------------------------
asedt          |              1
------------------------------------
dkegdku        |              1
------------------------------------
medhat         |              1
------------------------------------
hobby          |              1
------------------------------------
football       |              1
------------------------------------
ekjg           |              1
------------------------------------

###########################################################################
=========== Local - Console =============
====================================
[Word]         |         [Frequency] 
====================================
ahmed          |              2
------------------------------------
sayed          |              2
------------------------------------

###########################################################################
=========== Global - Console =============
====================================
[Word]         |         [Frequency] 
====================================
ahmed          |              5
------------------------------------
ssdf           |              1
------------------------------------
sayed          |              2
------------------------------------
my             |              6
------------------------------------
name           |              3
------------------------------------
fghjggh        |              1
------------------------------------
20             |              4
------------------------------------
sdrty          |              1
------------------------------------
is             |              6
------------------------------------
age            |              2
------------------------------------
hjk            |              1
------------------------------------
asedt          |              1
------------------------------------
dkegdku        |              1
------------------------------------
medhat         |              1
------------------------------------
hobby          |              1
------------------------------------
football       |              1
------------------------------------
ekjg           |              1
------------------------------------

###########################################################################
=========== Local - Console =============
====================================
[Word]         |         [Frequency] 
====================================
ahmed          |              1
------------------------------------
sayed          |              2
------------------------------------
mohamed        |              1
------------------------------------

###########################################################################
=========== Global - Console =============
====================================
[Word]         |         [Frequency] 
====================================
ahmed          |              4
------------------------------------
ssdf           |              1
------------------------------------
sayed          |              2
------------------------------------
my             |              6
------------------------------------
name           |              3
------------------------------------
fghjggh        |              1
------------------------------------
20             |              4
------------------------------------
sdrty          |              1
------------------------------------
is             |              6
------------------------------------
age            |              2
------------------------------------
hjk            |              1
------------------------------------
asedt          |              1
------------------------------------
dkegdku        |              1
------------------------------------
medhat         |              1
------------------------------------
hobby          |              1
------------------------------------
football       |              1
------------------------------------
ekjg           |              1
------------------------------------
mohamed        |              1
------------------------------------

###########################################################################
=========== Local - Console =============
====================================
[Word]         |         [Frequency] 
====================================
sayed          |              2
------------------------------------
mohamed        |              1
------------------------------------

###########################################################################
=========== Global - Console =============
====================================
[Word]         |         [Frequency] 
====================================
ahmed          |              3
------------------------------------
ssdf           |              1
------------------------------------
sayed          |              2
------------------------------------
my             |              6
------------------------------------
name           |              3
------------------------------------
fghjggh        |              1
------------------------------------
20             |              4
------------------------------------
sdrty          |              1
------------------------------------
is             |              6
------------------------------------
age            |              2
------------------------------------
hjk            |              1
------------------------------------
asedt          |              1
------------------------------------
dkegdku        |              1
------------------------------------
medhat         |              1
------------------------------------
hobby          |              1
------------------------------------
football       |              1
------------------------------------
ekjg           |              1
------------------------------------
mohamed        |              1
------------------------------------

###########################################################################
