c:\users\as689\source\repos\projectedit for edit\projectedit for edit\x64\debug\vc143.pdb
c:\users\as689\source\repos\projectedit for edit\projectedit for edit\x64\debug\vc143.idb
c:\users\as689\source\repos\projectedit for edit\projectedit for edit\x64\debug\wordrank.obj
c:\users\as689\source\repos\projectedit for edit\projectedit for edit\x64\debug\wordfrequency.obj
c:\users\as689\source\repos\projectedit for edit\projectedit for edit\x64\debug\source.obj
c:\users\as689\source\repos\projectedit for edit\projectedit for edit\x64\debug\utils.obj
c:\users\as689\source\repos\projectedit for edit\projectedit for edit\x64\debug\paragraph.obj
c:\users\as689\source\repos\projectedit for edit\projectedit for edit\x64\debug\fileoperations.obj
c:\users\as689\source\repos\projectedit for edit\x64\debug\projectedit for edit.pdb
c:\users\as689\source\repos\projectedit for edit\projectedit for edit\x64\debug\projecte.b725d187.tlog\cl.command.1.tlog
c:\users\as689\source\repos\projectedit for edit\projectedit for edit\x64\debug\projecte.b725d187.tlog\cl.read.1.tlog
c:\users\as689\source\repos\projectedit for edit\projectedit for edit\x64\debug\projecte.b725d187.tlog\cl.write.1.tlog
c:\users\as689\source\repos\projectedit for edit\projectedit for edit\x64\debug\projecte.b725d187.tlog\link-cvtres.read.1.tlog
c:\users\as689\source\repos\projectedit for edit\projectedit for edit\x64\debug\projecte.b725d187.tlog\link-cvtres.write.1.tlog
c:\users\as689\source\repos\projectedit for edit\projectedit for edit\x64\debug\projecte.b725d187.tlog\link-rc.read.1.tlog
c:\users\as689\source\repos\projectedit for edit\projectedit for edit\x64\debug\projecte.b725d187.tlog\link-rc.write.1.tlog
c:\users\as689\source\repos\projectedit for edit\projectedit for edit\x64\debug\projecte.b725d187.tlog\link.command.1.tlog
c:\users\as689\source\repos\projectedit for edit\projectedit for edit\x64\debug\projecte.b725d187.tlog\link.read.1.tlog
c:\users\as689\source\repos\projectedit for edit\projectedit for edit\x64\debug\projecte.b725d187.tlog\link.read.2.tlog
c:\users\as689\source\repos\projectedit for edit\projectedit for edit\x64\debug\projecte.b725d187.tlog\link.write.1.tlog
